<?xml version="1.0" encoding="UTF-8"?>
<testsuite name="jrails.ModelTest" tests="3" skipped="0" failures="0" errors="0" timestamp="2021-11-22T20:57:13" hostname="Jakes-MacBook-Pro-3.local" time="0.013">
  <properties/>
  <testcase name="id" classname="jrails.ModelTest" time="0.001"/>
  <testcase name="all" classname="jrails.ModelTest" time="0.005"/>
  <testcase name="find" classname="jrails.ModelTest" time="0.006"/>
  <system-out><![CDATA[Columns: [Title 1, Author 1, 1]
Columns: [Title 2, Author 2, 2]
Columns: [Title 1, Author 1, 1]
Columns: [Title 2, Author 2, 2]
Title 1
Author 1
1
Title 2
Author 2
2
Title 1
Author 1
1
Title 2
Author 2
2
Reseting class: class books.Book
Searching for id: 1
Current line is : 1, Title 1, Author 1, 1
Columns: [Title 1, Author 1, 1]
Searching for id: 1
Current line is : 1, Title 1, Author 1, 1
Columns: [Title 1, Author 1, 1]
Find assert pass
]]></system-out>
  <system-err><![CDATA[]]></system-err>
</testsuite>
